SF:/Users/sagnikghosh/workspace/js-practice/unixHead/src/parser.js
FN:2,<instance_members_initializer>
FN:4,Scanner
FN:8,peek
FN:12,consume
FN:16,getTokens
FN:21,handleNandCMode
FN:35,handleQuiteMode
FN:46,parseArgs
FNDA:14,<instance_members_initializer>
FNDA:14,Scanner
FNDA:26,peek
FNDA:29,consume
FNDA:37,getTokens
FNDA:13,handleNandCMode
FNDA:3,handleQuiteMode
FNDA:14,parseArgs
FNF:8
FNH:8
BRDA:25,6,0,8
BRDA:25,6,1,5
BRDA:27,6,2,11
BRDA:27,6,3,3
BRDA:29,6,4,10
BRDA:50,8,0,26
BRDA:53,8,1,10
BRDA:56,8,2,16
BRDA:59,8,3,11
BRF:9
BRH:9
DA:1,1
DA:2,1
DA:3,1
DA:4,1
DA:5,15
DA:6,15
DA:7,1
DA:8,1
DA:9,27
DA:10,27
DA:11,1
DA:12,1
DA:13,30
DA:14,30
DA:15,1
DA:16,1
DA:17,38
DA:18,38
DA:19,1
DA:20,1
DA:21,1
DA:22,14
DA:23,14
DA:24,14
DA:25,14
DA:26,1
DA:27,14
DA:28,17
DA:29,17
DA:30,1
DA:31,24
DA:32,24
DA:33,1
DA:34,1
DA:35,1
DA:36,4
DA:37,4
DA:38,1
DA:39,1
DA:40,1
DA:41,1
DA:42,1
DA:43,1
DA:44,1
DA:45,1
DA:46,1
DA:47,15
DA:48,15
DA:49,1
DA:50,15
DA:51,41
DA:52,1
DA:53,41
DA:54,51
DA:55,51
DA:56,51
DA:57,1
DA:58,57
DA:59,57
DA:60,1
DA:61,26
DA:62,1
DA:63,1
LH:63
LF:63
end_of_record
